system   D            wsystem.c:583  maybe_parent_dir                 [   0.00041] Also searching C:\Users\Teteu\Documents\GitHub\RestaUm\allegro\
system   D            wsystem.c:633  _al_win_safe_load_library        [   0.00069] PathFindOnPath found: C:\WINDOWS\system32\d3d9.dll
system   D            wsystem.c:544  load_library_at_path             [   0.00071] Calling LoadLibrary C:\WINDOWS\system32\d3d9.dll
system   I            wsystem.c:547  load_library_at_path             [   0.00178] Loaded C:\WINDOWS\system32\d3d9.dll
d3d      I         d3d_disp.cpp:696  _al_d3d_init_display             [   0.00686] Render-to-texture: 1
system   I             system.c:252  al_install_system                [   0.00689] Allegro version: 5.0.10
d3d      I         d3d_disp.cpp:1737 d3d_create_display_locked        [   0.00797] faux_fullscreen=0
d3d      D         d3d_disp.cpp:1738 d3d_create_display_locked        [   0.00799] al_display=012313C8
d3d      D         d3d_disp.cpp:1739 d3d_create_display_locked        [   0.00800] al_display->vt=011F0218
d3d      I d3d_display_formats.cpp:144  _al_d3d_generate_display_format_list [   0.01060] found 160 format combinations
display  D   display_settings.c:191  debug_display_settings           [   0.01063] color: 32 (rgba 8880), depth: 0, stencil: 0, acc: 0000, samples: 0/0
display  D   display_settings.c:506  _al_score_display_settings       [   0.01064] Score is : 897
display  D   display_settings.c:191  debug_display_settings           [   0.01065] color: 32 (rgba 8880), depth: 0, stencil: 0, acc: 0000, samples: 0/0
display  D   display_settings.c:506  _al_score_display_settings       [   0.01066] Score is : 897
display  D   display_settings.c:191  debug_display_settings           [   0.01067] color: 32 (rgba 8880), depth: 0, stencil: 0, acc: 0000, samples: 2/1
display  D   display_settings.c:506  _al_score_display_settings       [   0.01068] Score is : 726
display  D   display_settings.c:191  debug_display_settings           [   0.01068] color: 32 (rgba 8880), depth: 0, stencil: 0, acc: 0000, samples: 3/1
display  D   display_settings.c:506  _al_score_display_settings       [   0.01069] Score is : 721
display  D   display_settings.c:191  debug_display_settings           [   0.01070] color: 32 (rgba 8880), depth: 0, stencil: 0, acc: 0000, samples: 4/1
display  D   display_settings.c:506  _al_score_display_settings       [   0.01071] Score is : 717
display  D   display_settings.c:191  debug_display_settings           [   0.01072] color: 32 (rgba 8880), depth: 24, stencil: 8, acc: 0000, samples: 0/0
display  D   display_settings.c:506  _al_score_display_settings       [   0.01073] Score is : 897
display  D   display_settings.c:191  debug_display_settings           [   0.01074] color: 32 (rgba 8880), depth: 24, stencil: 8, acc: 0000, samples: 0/0
display  D   display_settings.c:506  _al_score_display_settings       [   0.01075] Score is : 897
display  D   display_settings.c:191  debug_display_settings           [   0.01075] color: 32 (rgba 8880), depth: 24, stencil: 8, acc: 0000, samples: 2/1
display  D   display_settings.c:506  _al_score_display_settings       [   0.01076] Score is : 726
display  D   display_settings.c:191  debug_display_settings           [   0.01077] color: 32 (rgba 8880), depth: 24, stencil: 8, acc: 0000, samples: 3/1
display  D   display_settings.c:506  _al_score_display_settings       [   0.01078] Score is : 721
display  D   display_settings.c:191  debug_display_settings           [   0.01079] color: 32 (rgba 8880), depth: 24, stencil: 8, acc: 0000, samples: 4/1
display  D   display_settings.c:506  _al_score_display_settings       [   0.01080] Score is : 717
display  D   display_settings.c:191  debug_display_settings           [   0.01081] color: 32 (rgba 8880), depth: 24, stencil: 0, acc: 0000, samples: 0/0
display  D   display_settings.c:506  _al_score_display_settings       [   0.01082] Score is : 897
display  D   display_settings.c:191  debug_display_settings           [   0.01082] color: 32 (rgba 8880), depth: 24, stencil: 0, acc: 0000, samples: 0/0
display  D   display_settings.c:506  _al_score_display_settings       [   0.01087] Score is : 897
display  D   display_settings.c:191  debug_display_settings           [   0.01088] color: 32 (rgba 8880), depth: 24, stencil: 0, acc: 0000, samples: 2/1
display  D   display_settings.c:506  _al_score_display_settings       [   0.01089] Score is : 726
display  D   display_settings.c:191  debug_display_settings           [   0.01090] color: 32 (rgba 8880), depth: 24, stencil: 0, acc: 0000, samples: 3/1
display  D   display_settings.c:506  _al_score_display_settings       [   0.01091] Score is : 721
display  D   display_settings.c:191  debug_display_settings           [   0.01091] color: 32 (rgba 8880), depth: 24, stencil: 0, acc: 0000, samples: 4/1
display  D   display_settings.c:506  _al_score_display_settings       [   0.01092] Score is : 717
display  D   display_settings.c:191  debug_display_settings           [   0.01093] color: 32 (rgba 8880), depth: 16, stencil: 0, acc: 0000, samples: 0/0
display  D   display_settings.c:506  _al_score_display_settings       [   0.01094] Score is : 897
display  D   display_settings.c:191  debug_display_settings           [   0.01095] color: 32 (rgba 8880), depth: 16, stencil: 0, acc: 0000, samples: 0/0
display  D   display_settings.c:506  _al_score_display_settings       [   0.01096] Score is : 897
display  D   display_settings.c:191  debug_display_settings           [   0.01098] color: 32 (rgba 8880), depth: 16, stencil: 0, acc: 0000, samples: 2/1
display  D   display_settings.c:506  _al_score_display_settings       [   0.01099] Score is : 726
display  D   display_settings.c:191  debug_display_settings           [   0.01101] color: 32 (rgba 8880), depth: 16, stencil: 0, acc: 0000, samples: 3/1
display  D   display_settings.c:506  _al_score_display_settings       [   0.01102] Score is : 721
display  D   display_settings.c:191  debug_display_settings           [   0.01102] color: 32 (rgba 8880), depth: 16, stencil: 0, acc: 0000, samples: 4/1
display  D   display_settings.c:506  _al_score_display_settings       [   0.01103] Score is : 717
display  D   display_settings.c:191  debug_display_settings           [   0.01104] color: 16 (rgba 5650), depth: 0, stencil: 0, acc: 0000, samples: 0/0
display  D   display_settings.c:506  _al_score_display_settings       [   0.01105] Score is : 897
display  D   display_settings.c:191  debug_display_settings           [   0.01106] color: 16 (rgba 5650), depth: 0, stencil: 0, acc: 0000, samples: 0/0
display  D   display_settings.c:506  _al_score_display_settings       [   0.01107] Score is : 897
display  D   display_settings.c:191  debug_display_settings           [   0.01108] color: 16 (rgba 5650), depth: 0, stencil: 0, acc: 0000, samples: 2/1
display  D   display_settings.c:506  _al_score_display_settings       [   0.01109] Score is : 726
display  D   display_settings.c:191  debug_display_settings           [   0.01109] color: 16 (rgba 5650), depth: 0, stencil: 0, acc: 0000, samples: 3/1
display  D   display_settings.c:506  _al_score_display_settings       [   0.01110] Score is : 721
display  D   display_settings.c:191  debug_display_settings           [   0.01111] color: 16 (rgba 5650), depth: 0, stencil: 0, acc: 0000, samples: 4/1
display  D   display_settings.c:506  _al_score_display_settings       [   0.01112] Score is : 717
display  D   display_settings.c:191  debug_display_settings           [   0.01113] color: 16 (rgba 5650), depth: 24, stencil: 8, acc: 0000, samples: 0/0
display  D   display_settings.c:506  _al_score_display_settings       [   0.01114] Score is : 897
display  D   display_settings.c:191  debug_display_settings           [   0.01115] color: 16 (rgba 5650), depth: 24, stencil: 8, acc: 0000, samples: 0/0
display  D   display_settings.c:506  _al_score_display_settings       [   0.01116] Score is : 897
display  D   display_settings.c:191  debug_display_settings           [   0.01116] color: 16 (rgba 5650), depth: 24, stencil: 8, acc: 0000, samples: 2/1
display  D   display_settings.c:506  _al_score_display_settings       [   0.01117] Score is : 726
display  D   display_settings.c:191  debug_display_settings           [   0.01118] color: 16 (rgba 5650), depth: 24, stencil: 8, acc: 0000, samples: 3/1
display  D   display_settings.c:506  _al_score_display_settings       [   0.01119] Score is : 721
display  D   display_settings.c:191  debug_display_settings           [   0.01120] color: 16 (rgba 5650), depth: 24, stencil: 8, acc: 0000, samples: 4/1
display  D   display_settings.c:506  _al_score_display_settings       [   0.01121] Score is : 717
display  D   display_settings.c:191  debug_display_settings           [   0.01122] color: 16 (rgba 5650), depth: 24, stencil: 0, acc: 0000, samples: 0/0
display  D   display_settings.c:506  _al_score_display_settings       [   0.01123] Score is : 897
display  D   display_settings.c:191  debug_display_settings           [   0.01123] color: 16 (rgba 5650), depth: 24, stencil: 0, acc: 0000, samples: 0/0
display  D   display_settings.c:506  _al_score_display_settings       [   0.01124] Score is : 897
display  D   display_settings.c:191  debug_display_settings           [   0.01125] color: 16 (rgba 5650), depth: 24, stencil: 0, acc: 0000, samples: 2/1
display  D   display_settings.c:506  _al_score_display_settings       [   0.01126] Score is : 726
display  D   display_settings.c:191  debug_display_settings           [   0.01127] color: 16 (rgba 5650), depth: 24, stencil: 0, acc: 0000, samples: 3/1
display  D   display_settings.c:506  _al_score_display_settings       [   0.01128] Score is : 721
display  D   display_settings.c:191  debug_display_settings           [   0.01129] color: 16 (rgba 5650), depth: 24, stencil: 0, acc: 0000, samples: 4/1
display  D   display_settings.c:506  _al_score_display_settings       [   0.01130] Score is : 717
display  D   display_settings.c:191  debug_display_settings           [   0.01130] color: 16 (rgba 5650), depth: 16, stencil: 0, acc: 0000, samples: 0/0
display  D   display_settings.c:506  _al_score_display_settings       [   0.01131] Score is : 897
display  D   display_settings.c:191  debug_display_settings           [   0.01132] color: 16 (rgba 5650), depth: 16, stencil: 0, acc: 0000, samples: 0/0
display  D   display_settings.c:506  _al_score_display_settings       [   0.01133] Score is : 897
display  D   display_settings.c:191  debug_display_settings           [   0.01134] color: 16 (rgba 5650), depth: 16, stencil: 0, acc: 0000, samples: 2/1
display  D   display_settings.c:506  _al_score_display_settings       [   0.01135] Score is : 726
display  D   display_settings.c:191  debug_display_settings           [   0.01136] color: 16 (rgba 5650), depth: 16, stencil: 0, acc: 0000, samples: 3/1
display  D   display_settings.c:506  _al_score_display_settings       [   0.01137] Score is : 721
display  D   display_settings.c:191  debug_display_settings           [   0.01137] color: 16 (rgba 5650), depth: 16, stencil: 0, acc: 0000, samples: 4/1
display  D   display_settings.c:506  _al_score_display_settings       [   0.01138] Score is : 717
display  D   display_settings.c:191  debug_display_settings           [   0.01139] color: 32 (rgba 8880), depth: 0, stencil: 0, acc: 0000, samples: 0/0
display  D   display_settings.c:377  _al_score_display_settings       [   0.01140] Single Buffer requirement not met.
display  D   display_settings.c:191  debug_display_settings           [   0.01141] color: 32 (rgba 8880), depth: 0, stencil: 0, acc: 0000, samples: 0/0
display  D   display_settings.c:377  _al_score_display_settings       [   0.01142] Single Buffer requirement not met.
display  D   display_settings.c:191  debug_display_settings           [   0.01143] color: 32 (rgba 8880), depth: 0, stencil: 0, acc: 0000, samples: 2/1
display  D   display_settings.c:377  _al_score_display_settings       [   0.01144] Single Buffer requirement not met.
display  D   display_settings.c:191  debug_display_settings           [   0.01144] color: 32 (rgba 8880), depth: 0, stencil: 0, acc: 0000, samples: 3/1
display  D   display_settings.c:377  _al_score_display_settings       [   0.01145] Single Buffer requirement not met.
display  D   display_settings.c:191  debug_display_settings           [   0.01146] color: 32 (rgba 8880), depth: 0, stencil: 0, acc: 0000, samples: 4/1
display  D   display_settings.c:377  _al_score_display_settings       [   0.01148] Single Buffer requirement not met.
display  D   display_settings.c:191  debug_display_settings           [   0.01150] color: 32 (rgba 8880), depth: 24, stencil: 8, acc: 0000, samples: 0/0
display  D   display_settings.c:377  _al_score_display_settings       [   0.01151] Single Buffer requirement not met.
display  D   display_settings.c:191  debug_display_settings           [   0.01152] color: 32 (rgba 8880), depth: 24, stencil: 8, acc: 0000, samples: 0/0
display  D   display_settings.c:377  _al_score_display_settings       [   0.01153] Single Buffer requirement not met.
display  D   display_settings.c:191  debug_display_settings           [   0.01154] color: 32 (rgba 8880), depth: 24, stencil: 8, acc: 0000, samples: 2/1
display  D   display_settings.c:377  _al_score_display_settings       [   0.01155] Single Buffer requirement not met.
display  D   display_settings.c:191  debug_display_settings           [   0.01156] color: 32 (rgba 8880), depth: 24, stencil: 8, acc: 0000, samples: 3/1
display  D   display_settings.c:377  _al_score_display_settings       [   0.01157] Single Buffer requirement not met.
display  D   display_settings.c:191  debug_display_settings           [   0.01157] color: 32 (rgba 8880), depth: 24, stencil: 8, acc: 0000, samples: 4/1
display  D   display_settings.c:377  _al_score_display_settings       [   0.01158] Single Buffer requirement not met.
display  D   display_settings.c:191  debug_display_settings           [   0.01159] color: 32 (rgba 8880), depth: 24, stencil: 0, acc: 0000, samples: 0/0
display  D   display_settings.c:377  _al_score_display_settings       [   0.01160] Single Buffer requirement not met.
display  D   display_settings.c:191  debug_display_settings           [   0.01161] color: 32 (rgba 8880), depth: 24, stencil: 0, acc: 0000, samples: 0/0
display  D   display_settings.c:377  _al_score_display_settings       [   0.01162] Single Buffer requirement not met.
display  D   display_settings.c:191  debug_display_settings           [   0.01164] color: 32 (rgba 8880), depth: 24, stencil: 0, acc: 0000, samples: 2/1
display  D   display_settings.c:377  _al_score_display_settings       [   0.01165] Single Buffer requirement not met.
display  D   display_settings.c:191  debug_display_settings           [   0.01166] color: 32 (rgba 8880), depth: 24, stencil: 0, acc: 0000, samples: 3/1
display  D   display_settings.c:377  _al_score_display_settings       [   0.01168] Single Buffer requirement not met.
display  D   display_settings.c:191  debug_display_settings           [   0.01169] color: 32 (rgba 8880), depth: 24, stencil: 0, acc: 0000, samples: 4/1
display  D   display_settings.c:377  _al_score_display_settings       [   0.01170] Single Buffer requirement not met.
display  D   display_settings.c:191  debug_display_settings           [   0.01170] color: 32 (rgba 8880), depth: 16, stencil: 0, acc: 0000, samples: 0/0
display  D   display_settings.c:377  _al_score_display_settings       [   0.01171] Single Buffer requirement not met.
display  D   display_settings.c:191  debug_display_settings           [   0.01172] color: 32 (rgba 8880), depth: 16, stencil: 0, acc: 0000, samples: 0/0
display  D   display_settings.c:377  _al_score_display_settings       [   0.01173] Single Buffer requirement not met.
display  D   display_settings.c:191  debug_display_settings           [   0.01174] color: 32 (rgba 8880), depth: 16, stencil: 0, acc: 0000, samples: 2/1
display  D   display_settings.c:377  _al_score_display_settings       [   0.01175] Single Buffer requirement not met.
display  D   display_settings.c:191  debug_display_settings           [   0.01176] color: 32 (rgba 8880), depth: 16, stencil: 0, acc: 0000, samples: 3/1
display  D   display_settings.c:377  _al_score_display_settings       [   0.01177] Single Buffer requirement not met.
display  D   display_settings.c:191  debug_display_settings           [   0.01179] color: 32 (rgba 8880), depth: 16, stencil: 0, acc: 0000, samples: 4/1
display  D   display_settings.c:377  _al_score_display_settings       [   0.01180] Single Buffer requirement not met.
display  D   display_settings.c:191  debug_display_settings           [   0.01181] color: 16 (rgba 5650), depth: 0, stencil: 0, acc: 0000, samples: 0/0
display  D   display_settings.c:377  _al_score_display_settings       [   0.01182] Single Buffer requirement not met.
display  D   display_settings.c:191  debug_display_settings           [   0.01183] color: 16 (rgba 5650), depth: 0, stencil: 0, acc: 0000, samples: 0/0
display  D   display_settings.c:377  _al_score_display_settings       [   0.01184] Single Buffer requirement not met.
display  D   display_settings.c:191  debug_display_settings           [   0.01185] color: 16 (rgba 5650), depth: 0, stencil: 0, acc: 0000, samples: 2/1
display  D   display_settings.c:377  _al_score_display_settings       [   0.01186] Single Buffer requirement not met.
display  D   display_settings.c:191  debug_display_settings           [   0.01187] color: 16 (rgba 5650), depth: 0, stencil: 0, acc: 0000, samples: 3/1
display  D   display_settings.c:377  _al_score_display_settings       [   0.01188] Single Buffer requirement not met.
display  D   display_settings.c:191  debug_display_settings           [   0.01188] color: 16 (rgba 5650), depth: 0, stencil: 0, acc: 0000, samples: 4/1
display  D   display_settings.c:377  _al_score_display_settings       [   0.01189] Single Buffer requirement not met.
display  D   display_settings.c:191  debug_display_settings           [   0.01190] color: 16 (rgba 5650), depth: 24, stencil: 8, acc: 0000, samples: 0/0
display  D   display_settings.c:377  _al_score_display_settings       [   0.01191] Single Buffer requirement not met.
display  D   display_settings.c:191  debug_display_settings           [   0.01192] color: 16 (rgba 5650), depth: 24, stencil: 8, acc: 0000, samples: 0/0
display  D   display_settings.c:377  _al_score_display_settings       [   0.01193] Single Buffer requirement not met.
display  D   display_settings.c:191  debug_display_settings           [   0.01194] color: 16 (rgba 5650), depth: 24, stencil: 8, acc: 0000, samples: 2/1
display  D   display_settings.c:377  _al_score_display_settings       [   0.01195] Single Buffer requirement not met.
display  D   display_settings.c:191  debug_display_settings           [   0.01196] color: 16 (rgba 5650), depth: 24, stencil: 8, acc: 0000, samples: 3/1
display  D   display_settings.c:377  _al_score_display_settings       [   0.01198] Single Buffer requirement not met.
display  D   display_settings.c:191  debug_display_settings           [   0.01198] color: 16 (rgba 5650), depth: 24, stencil: 8, acc: 0000, samples: 4/1
display  D   display_settings.c:377  _al_score_display_settings       [   0.01201] Single Buffer requirement not met.
display  D   display_settings.c:191  debug_display_settings           [   0.01201] color: 16 (rgba 5650), depth: 24, stencil: 0, acc: 0000, samples: 0/0
display  D   display_settings.c:377  _al_score_display_settings       [   0.01202] Single Buffer requirement not met.
display  D   display_settings.c:191  debug_display_settings           [   0.01203] color: 16 (rgba 5650), depth: 24, stencil: 0, acc: 0000, samples: 0/0
display  D   display_settings.c:377  _al_score_display_settings       [   0.01204] Single Buffer requirement not met.
display  D   display_settings.c:191  debug_display_settings           [   0.01205] color: 16 (rgba 5650), depth: 24, stencil: 0, acc: 0000, samples: 2/1
display  D   display_settings.c:377  _al_score_display_settings       [   0.01206] Single Buffer requirement not met.
display  D   display_settings.c:191  debug_display_settings           [   0.01207] color: 16 (rgba 5650), depth: 24, stencil: 0, acc: 0000, samples: 3/1
display  D   display_settings.c:377  _al_score_display_settings       [   0.01208] Single Buffer requirement not met.
display  D   display_settings.c:191  debug_display_settings           [   0.01208] color: 16 (rgba 5650), depth: 24, stencil: 0, acc: 0000, samples: 4/1
display  D   display_settings.c:377  _al_score_display_settings       [   0.01209] Single Buffer requirement not met.
display  D   display_settings.c:191  debug_display_settings           [   0.01210] color: 16 (rgba 5650), depth: 16, stencil: 0, acc: 0000, samples: 0/0
display  D   display_settings.c:377  _al_score_display_settings       [   0.01211] Single Buffer requirement not met.
display  D   display_settings.c:191  debug_display_settings           [   0.01212] color: 16 (rgba 5650), depth: 16, stencil: 0, acc: 0000, samples: 0/0
display  D   display_settings.c:377  _al_score_display_settings       [   0.01213] Single Buffer requirement not met.
display  D   display_settings.c:191  debug_display_settings           [   0.01214] color: 16 (rgba 5650), depth: 16, stencil: 0, acc: 0000, samples: 2/1
display  D   display_settings.c:377  _al_score_display_settings       [   0.01215] Single Buffer requirement not met.
display  D   display_settings.c:191  debug_display_settings           [   0.01216] color: 16 (rgba 5650), depth: 16, stencil: 0, acc: 0000, samples: 3/1
display  D   display_settings.c:377  _al_score_display_settings       [   0.01217] Single Buffer requirement not met.
display  D   display_settings.c:191  debug_display_settings           [   0.01217] color: 16 (rgba 5650), depth: 16, stencil: 0, acc: 0000, samples: 4/1
display  D   display_settings.c:377  _al_score_display_settings       [   0.01218] Single Buffer requirement not met.
display  D   display_settings.c:191  debug_display_settings           [   0.01219] color: 32 (rgba 8880), depth: 0, stencil: 0, acc: 0000, samples: 0/0
display  D   display_settings.c:506  _al_score_display_settings       [   0.01220] Score is : 769
display  D   display_settings.c:191  debug_display_settings           [   0.01221] color: 32 (rgba 8880), depth: 0, stencil: 0, acc: 0000, samples: 0/0
display  D   display_settings.c:506  _al_score_display_settings       [   0.01222] Score is : 769
display  D   display_settings.c:191  debug_display_settings           [   0.01223] color: 32 (rgba 8880), depth: 0, stencil: 0, acc: 0000, samples: 2/1
display  D   display_settings.c:506  _al_score_display_settings       [   0.01224] Score is : 598
display  D   display_settings.c:191  debug_display_settings           [   0.01224] color: 32 (rgba 8880), depth: 0, stencil: 0, acc: 0000, samples: 3/1
display  D   display_settings.c:506  _al_score_display_settings       [   0.01225] Score is : 593
display  D   display_settings.c:191  debug_display_settings           [   0.01226] color: 32 (rgba 8880), depth: 0, stencil: 0, acc: 0000, samples: 4/1
display  D   display_settings.c:506  _al_score_display_settings       [   0.01227] Score is : 589
display  D   display_settings.c:191  debug_display_settings           [   0.01228] color: 32 (rgba 8880), depth: 24, stencil: 8, acc: 0000, samples: 0/0
display  D   display_settings.c:506  _al_score_display_settings       [   0.01229] Score is : 769
display  D   display_settings.c:191  debug_display_settings           [   0.01229] color: 32 (rgba 8880), depth: 24, stencil: 8, acc: 0000, samples: 0/0
display  D   display_settings.c:506  _al_score_display_settings       [   0.01230] Score is : 769
display  D   display_settings.c:191  debug_display_settings           [   0.01231] color: 32 (rgba 8880), depth: 24, stencil: 8, acc: 0000, samples: 2/1
display  D   display_settings.c:506  _al_score_display_settings       [   0.01232] Score is : 598
display  D   display_settings.c:191  debug_display_settings           [   0.01233] color: 32 (rgba 8880), depth: 24, stencil: 8, acc: 0000, samples: 3/1
display  D   display_settings.c:506  _al_score_display_settings       [   0.01234] Score is : 593
display  D   display_settings.c:191  debug_display_settings           [   0.01236] color: 32 (rgba 8880), depth: 24, stencil: 8, acc: 0000, samples: 4/1
display  D   display_settings.c:506  _al_score_display_settings       [   0.01237] Score is : 589
display  D   display_settings.c:191  debug_display_settings           [   0.01238] color: 32 (rgba 8880), depth: 24, stencil: 0, acc: 0000, samples: 0/0
display  D   display_settings.c:506  _al_score_display_settings       [   0.01239] Score is : 769
display  D   display_settings.c:191  debug_display_settings           [   0.01240] color: 32 (rgba 8880), depth: 24, stencil: 0, acc: 0000, samples: 0/0
display  D   display_settings.c:506  _al_score_display_settings       [   0.01241] Score is : 769
display  D   display_settings.c:191  debug_display_settings           [   0.01241] color: 32 (rgba 8880), depth: 24, stencil: 0, acc: 0000, samples: 2/1
display  D   display_settings.c:506  _al_score_display_settings       [   0.01242] Score is : 598
display  D   display_settings.c:191  debug_display_settings           [   0.01243] color: 32 (rgba 8880), depth: 24, stencil: 0, acc: 0000, samples: 3/1
display  D   display_settings.c:506  _al_score_display_settings       [   0.01244] Score is : 593
display  D   display_settings.c:191  debug_display_settings           [   0.01245] color: 32 (rgba 8880), depth: 24, stencil: 0, acc: 0000, samples: 4/1
display  D   display_settings.c:506  _al_score_display_settings       [   0.01246] Score is : 589
display  D   display_settings.c:191  debug_display_settings           [   0.01247] color: 32 (rgba 8880), depth: 16, stencil: 0, acc: 0000, samples: 0/0
display  D   display_settings.c:506  _al_score_display_settings       [   0.01248] Score is : 769
display  D   display_settings.c:191  debug_display_settings           [   0.01249] color: 32 (rgba 8880), depth: 16, stencil: 0, acc: 0000, samples: 0/0
display  D   display_settings.c:506  _al_score_display_settings       [   0.01250] Score is : 769
display  D   display_settings.c:191  debug_display_settings           [   0.01252] color: 32 (rgba 8880), depth: 16, stencil: 0, acc: 0000, samples: 2/1
display  D   display_settings.c:506  _al_score_display_settings       [   0.01253] Score is : 598
display  D   display_settings.c:191  debug_display_settings           [   0.01253] color: 32 (rgba 8880), depth: 16, stencil: 0, acc: 0000, samples: 3/1
display  D   display_settings.c:506  _al_score_display_settings       [   0.01255] Score is : 593
display  D   display_settings.c:191  debug_display_settings           [   0.01256] color: 32 (rgba 8880), depth: 16, stencil: 0, acc: 0000, samples: 4/1
display  D   display_settings.c:506  _al_score_display_settings       [   0.01257] Score is : 589
display  D   display_settings.c:191  debug_display_settings           [   0.01258] color: 16 (rgba 5650), depth: 0, stencil: 0, acc: 0000, samples: 0/0
display  D   display_settings.c:506  _al_score_display_settings       [   0.01259] Score is : 769
display  D   display_settings.c:191  debug_display_settings           [   0.01260] color: 16 (rgba 5650), depth: 0, stencil: 0, acc: 0000, samples: 0/0
display  D   display_settings.c:506  _al_score_display_settings       [   0.01261] Score is : 769
display  D   display_settings.c:191  debug_display_settings           [   0.01262] color: 16 (rgba 5650), depth: 0, stencil: 0, acc: 0000, samples: 2/1
display  D   display_settings.c:506  _al_score_display_settings       [   0.01264] Score is : 598
display  D   display_settings.c:191  debug_display_settings           [   0.01264] color: 16 (rgba 5650), depth: 0, stencil: 0, acc: 0000, samples: 3/1
display  D   display_settings.c:506  _al_score_display_settings       [   0.01265] Score is : 593
display  D   display_settings.c:191  debug_display_settings           [   0.01266] color: 16 (rgba 5650), depth: 0, stencil: 0, acc: 0000, samples: 4/1
display  D   display_settings.c:506  _al_score_display_settings       [   0.01267] Score is : 589
display  D   display_settings.c:191  debug_display_settings           [   0.01268] color: 16 (rgba 5650), depth: 24, stencil: 8, acc: 0000, samples: 0/0
display  D   display_settings.c:506  _al_score_display_settings       [   0.01269] Score is : 769
display  D   display_settings.c:191  debug_display_settings           [   0.01270] color: 16 (rgba 5650), depth: 24, stencil: 8, acc: 0000, samples: 0/0
display  D   display_settings.c:506  _al_score_display_settings       [   0.01271] Score is : 769
display  D   display_settings.c:191  debug_display_settings           [   0.01271] color: 16 (rgba 5650), depth: 24, stencil: 8, acc: 0000, samples: 2/1
display  D   display_settings.c:506  _al_score_display_settings       [   0.01272] Score is : 598
display  D   display_settings.c:191  debug_display_settings           [   0.01273] color: 16 (rgba 5650), depth: 24, stencil: 8, acc: 0000, samples: 3/1
display  D   display_settings.c:506  _al_score_display_settings       [   0.01274] Score is : 593
display  D   display_settings.c:191  debug_display_settings           [   0.01275] color: 16 (rgba 5650), depth: 24, stencil: 8, acc: 0000, samples: 4/1
display  D   display_settings.c:506  _al_score_display_settings       [   0.01276] Score is : 589
display  D   display_settings.c:191  debug_display_settings           [   0.01277] color: 16 (rgba 5650), depth: 24, stencil: 0, acc: 0000, samples: 0/0
display  D   display_settings.c:506  _al_score_display_settings       [   0.01278] Score is : 769
display  D   display_settings.c:191  debug_display_settings           [   0.01278] color: 16 (rgba 5650), depth: 24, stencil: 0, acc: 0000, samples: 0/0
display  D   display_settings.c:506  _al_score_display_settings       [   0.01279] Score is : 769
display  D   display_settings.c:191  debug_display_settings           [   0.01280] color: 16 (rgba 5650), depth: 24, stencil: 0, acc: 0000, samples: 2/1
display  D   display_settings.c:506  _al_score_display_settings       [   0.01281] Score is : 598
display  D   display_settings.c:191  debug_display_settings           [   0.01282] color: 16 (rgba 5650), depth: 24, stencil: 0, acc: 0000, samples: 3/1
display  D   display_settings.c:506  _al_score_display_settings       [   0.01283] Score is : 593
display  D   display_settings.c:191  debug_display_settings           [   0.01283] color: 16 (rgba 5650), depth: 24, stencil: 0, acc: 0000, samples: 4/1
display  D   display_settings.c:506  _al_score_display_settings       [   0.01284] Score is : 589
display  D   display_settings.c:191  debug_display_settings           [   0.01285] color: 16 (rgba 5650), depth: 16, stencil: 0, acc: 0000, samples: 0/0
display  D   display_settings.c:506  _al_score_display_settings       [   0.01286] Score is : 769
display  D   display_settings.c:191  debug_display_settings           [   0.01287] color: 16 (rgba 5650), depth: 16, stencil: 0, acc: 0000, samples: 0/0
display  D   display_settings.c:506  _al_score_display_settings       [   0.01288] Score is : 769
display  D   display_settings.c:191  debug_display_settings           [   0.01289] color: 16 (rgba 5650), depth: 16, stencil: 0, acc: 0000, samples: 2/1
display  D   display_settings.c:506  _al_score_display_settings       [   0.01290] Score is : 598
display  D   display_settings.c:191  debug_display_settings           [   0.01290] color: 16 (rgba 5650), depth: 16, stencil: 0, acc: 0000, samples: 3/1
display  D   display_settings.c:506  _al_score_display_settings       [   0.01291] Score is : 593
display  D   display_settings.c:191  debug_display_settings           [   0.01292] color: 16 (rgba 5650), depth: 16, stencil: 0, acc: 0000, samples: 4/1
display  D   display_settings.c:506  _al_score_display_settings       [   0.01293] Score is : 589
display  D   display_settings.c:191  debug_display_settings           [   0.01294] color: 32 (rgba 8880), depth: 0, stencil: 0, acc: 0000, samples: 0/0
display  D   display_settings.c:377  _al_score_display_settings       [   0.01295] Single Buffer requirement not met.
display  D   display_settings.c:191  debug_display_settings           [   0.01295] color: 32 (rgba 8880), depth: 0, stencil: 0, acc: 0000, samples: 0/0
display  D   display_settings.c:377  _al_score_display_settings       [   0.01296] Single Buffer requirement not met.
display  D   display_settings.c:191  debug_display_settings           [   0.01301] color: 32 (rgba 8880), depth: 0, stencil: 0, acc: 0000, samples: 2/1
display  D   display_settings.c:377  _al_score_display_settings       [   0.01302] Single Buffer requirement not met.
display  D   display_settings.c:191  debug_display_settings           [   0.01303] color: 32 (rgba 8880), depth: 0, stencil: 0, acc: 0000, samples: 3/1
display  D   display_settings.c:377  _al_score_display_settings       [   0.01304] Single Buffer requirement not met.
display  D   display_settings.c:191  debug_display_settings           [   0.01305] color: 32 (rgba 8880), depth: 0, stencil: 0, acc: 0000, samples: 4/1
display  D   display_settings.c:377  _al_score_display_settings       [   0.01306] Single Buffer requirement not met.
display  D   display_settings.c:191  debug_display_settings           [   0.01307] color: 32 (rgba 8880), depth: 24, stencil: 8, acc: 0000, samples: 0/0
display  D   display_settings.c:377  _al_score_display_settings       [   0.01307] Single Buffer requirement not met.
display  D   display_settings.c:191  debug_display_settings           [   0.01308] color: 32 (rgba 8880), depth: 24, stencil: 8, acc: 0000, samples: 0/0
display  D   display_settings.c:377  _al_score_display_settings       [   0.01309] Single Buffer requirement not met.
display  D   display_settings.c:191  debug_display_settings           [   0.01310] color: 32 (rgba 8880), depth: 24, stencil: 8, acc: 0000, samples: 2/1
display  D   display_settings.c:377  _al_score_display_settings       [   0.01311] Single Buffer requirement not met.
display  D   display_settings.c:191  debug_display_settings           [   0.01312] color: 32 (rgba 8880), depth: 24, stencil: 8, acc: 0000, samples: 3/1
display  D   display_settings.c:377  _al_score_display_settings       [   0.01313] Single Buffer requirement not met.
display  D   display_settings.c:191  debug_display_settings           [   0.01314] color: 32 (rgba 8880), depth: 24, stencil: 8, acc: 0000, samples: 4/1
display  D   display_settings.c:377  _al_score_display_settings       [   0.01315] Single Buffer requirement not met.
display  D   display_settings.c:191  debug_display_settings           [   0.01315] color: 32 (rgba 8880), depth: 24, stencil: 0, acc: 0000, samples: 0/0
display  D   display_settings.c:377  _al_score_display_settings       [   0.01316] Single Buffer requirement not met.
display  D   display_settings.c:191  debug_display_settings           [   0.01317] color: 32 (rgba 8880), depth: 24, stencil: 0, acc: 0000, samples: 0/0
display  D   display_settings.c:377  _al_score_display_settings       [   0.01318] Single Buffer requirement not met.
display  D   display_settings.c:191  debug_display_settings           [   0.01319] color: 32 (rgba 8880), depth: 24, stencil: 0, acc: 0000, samples: 2/1
display  D   display_settings.c:377  _al_score_display_settings       [   0.01320] Single Buffer requirement not met.
display  D   display_settings.c:191  debug_display_settings           [   0.01321] color: 32 (rgba 8880), depth: 24, stencil: 0, acc: 0000, samples: 3/1
display  D   display_settings.c:377  _al_score_display_settings       [   0.01322] Single Buffer requirement not met.
display  D   display_settings.c:191  debug_display_settings           [   0.01322] color: 32 (rgba 8880), depth: 24, stencil: 0, acc: 0000, samples: 4/1
display  D   display_settings.c:377  _al_score_display_settings       [   0.01323] Single Buffer requirement not met.
display  D   display_settings.c:191  debug_display_settings           [   0.01324] color: 32 (rgba 8880), depth: 16, stencil: 0, acc: 0000, samples: 0/0
display  D   display_settings.c:377  _al_score_display_settings       [   0.01325] Single Buffer requirement not met.
display  D   display_settings.c:191  debug_display_settings           [   0.01326] color: 32 (rgba 8880), depth: 16, stencil: 0, acc: 0000, samples: 0/0
display  D   display_settings.c:377  _al_score_display_settings       [   0.01327] Single Buffer requirement not met.
display  D   display_settings.c:191  debug_display_settings           [   0.01328] color: 32 (rgba 8880), depth: 16, stencil: 0, acc: 0000, samples: 2/1
display  D   display_settings.c:377  _al_score_display_settings       [   0.01329] Single Buffer requirement not met.
display  D   display_settings.c:191  debug_display_settings           [   0.01330] color: 32 (rgba 8880), depth: 16, stencil: 0, acc: 0000, samples: 3/1
display  D   display_settings.c:377  _al_score_display_settings       [   0.01331] Single Buffer requirement not met.
display  D   display_settings.c:191  debug_display_settings           [   0.01331] color: 32 (rgba 8880), depth: 16, stencil: 0, acc: 0000, samples: 4/1
display  D   display_settings.c:377  _al_score_display_settings       [   0.01332] Single Buffer requirement not met.
display  D   display_settings.c:191  debug_display_settings           [   0.01333] color: 16 (rgba 5650), depth: 0, stencil: 0, acc: 0000, samples: 0/0
display  D   display_settings.c:377  _al_score_display_settings       [   0.01334] Single Buffer requirement not met.
display  D   display_settings.c:191  debug_display_settings           [   0.01335] color: 16 (rgba 5650), depth: 0, stencil: 0, acc: 0000, samples: 0/0
display  D   display_settings.c:377  _al_score_display_settings       [   0.01336] Single Buffer requirement not met.
display  D   display_settings.c:191  debug_display_settings           [   0.01337] color: 16 (rgba 5650), depth: 0, stencil: 0, acc: 0000, samples: 2/1
display  D   display_settings.c:377  _al_score_display_settings       [   0.01338] Single Buffer requirement not met.
display  D   display_settings.c:191  debug_display_settings           [   0.01338] color: 16 (rgba 5650), depth: 0, stencil: 0, acc: 0000, samples: 3/1
display  D   display_settings.c:377  _al_score_display_settings       [   0.01339] Single Buffer requirement not met.
display  D   display_settings.c:191  debug_display_settings           [   0.01340] color: 16 (rgba 5650), depth: 0, stencil: 0, acc: 0000, samples: 4/1
display  D   display_settings.c:377  _al_score_display_settings       [   0.01341] Single Buffer requirement not met.
display  D   display_settings.c:191  debug_display_settings           [   0.01343] color: 16 (rgba 5650), depth: 24, stencil: 8, acc: 0000, samples: 0/0
display  D   display_settings.c:377  _al_score_display_settings       [   0.01344] Single Buffer requirement not met.
display  D   display_settings.c:191  debug_display_settings           [   0.01345] color: 16 (rgba 5650), depth: 24, stencil: 8, acc: 0000, samples: 0/0
display  D   display_settings.c:377  _al_score_display_settings       [   0.01346] Single Buffer requirement not met.
display  D   display_settings.c:191  debug_display_settings           [   0.01347] color: 16 (rgba 5650), depth: 24, stencil: 8, acc: 0000, samples: 2/1
display  D   display_settings.c:377  _al_score_display_settings       [   0.01348] Single Buffer requirement not met.
display  D   display_settings.c:191  debug_display_settings           [   0.01349] color: 16 (rgba 5650), depth: 24, stencil: 8, acc: 0000, samples: 3/1
display  D   display_settings.c:377  _al_score_display_settings       [   0.01350] Single Buffer requirement not met.
display  D   display_settings.c:191  debug_display_settings           [   0.01351] color: 16 (rgba 5650), depth: 24, stencil: 8, acc: 0000, samples: 4/1
display  D   display_settings.c:377  _al_score_display_settings       [   0.01352] Single Buffer requirement not met.
display  D   display_settings.c:191  debug_display_settings           [   0.01352] color: 16 (rgba 5650), depth: 24, stencil: 0, acc: 0000, samples: 0/0
display  D   display_settings.c:377  _al_score_display_settings       [   0.01353] Single Buffer requirement not met.
display  D   display_settings.c:191  debug_display_settings           [   0.01354] color: 16 (rgba 5650), depth: 24, stencil: 0, acc: 0000, samples: 0/0
display  D   display_settings.c:377  _al_score_display_settings       [   0.01355] Single Buffer requirement not met.
display  D   display_settings.c:191  debug_display_settings           [   0.01356] color: 16 (rgba 5650), depth: 24, stencil: 0, acc: 0000, samples: 2/1
display  D   display_settings.c:377  _al_score_display_settings       [   0.01357] Single Buffer requirement not met.
display  D   display_settings.c:191  debug_display_settings           [   0.01358] color: 16 (rgba 5650), depth: 24, stencil: 0, acc: 0000, samples: 3/1
display  D   display_settings.c:377  _al_score_display_settings       [   0.01359] Single Buffer requirement not met.
display  D   display_settings.c:191  debug_display_settings           [   0.01360] color: 16 (rgba 5650), depth: 24, stencil: 0, acc: 0000, samples: 4/1
display  D   display_settings.c:377  _al_score_display_settings       [   0.01361] Single Buffer requirement not met.
display  D   display_settings.c:191  debug_display_settings           [   0.01362] color: 16 (rgba 5650), depth: 16, stencil: 0, acc: 0000, samples: 0/0
display  D   display_settings.c:377  _al_score_display_settings       [   0.01363] Single Buffer requirement not met.
display  D   display_settings.c:191  debug_display_settings           [   0.01363] color: 16 (rgba 5650), depth: 16, stencil: 0, acc: 0000, samples: 0/0
display  D   display_settings.c:377  _al_score_display_settings       [   0.01364] Single Buffer requirement not met.
display  D   display_settings.c:191  debug_display_settings           [   0.01365] color: 16 (rgba 5650), depth: 16, stencil: 0, acc: 0000, samples: 2/1
display  D   display_settings.c:377  _al_score_display_settings       [   0.01366] Single Buffer requirement not met.
display  D   display_settings.c:191  debug_display_settings           [   0.01367] color: 16 (rgba 5650), depth: 16, stencil: 0, acc: 0000, samples: 3/1
display  D   display_settings.c:377  _al_score_display_settings       [   0.01368] Single Buffer requirement not met.
display  D   display_settings.c:191  debug_display_settings           [   0.01369] color: 16 (rgba 5650), depth: 16, stencil: 0, acc: 0000, samples: 4/1
display  D   display_settings.c:377  _al_score_display_settings       [   0.01370] Single Buffer requirement not met.
d3d      D         d3d_disp.cpp:1645 d3d_create_display_internals     [   0.01373] Trying format 0.
d3d      I         d3d_disp.cpp:1326 d3d_display_thread_proc          [   0.01399] Chose a display format: 23
d3d      I         d3d_disp.cpp:1395 d3d_display_thread_proc          [   0.01402] Normal window.
d3d      I         d3d_disp.cpp:801  d3d_create_device                [   0.02454] Using no depth stencil buffer
d3d      D         d3d_disp.cpp:866  d3d_create_device                [   0.04247] BeginScene succeeded in create_device
d3d      D         d3d_disp.cpp:874  d3d_create_device                [   0.04250] Success
d3d      D         d3d_disp.cpp:1668 d3d_create_display_internals     [   0.04252] Resumed after wait.
d3d      I         d3d_disp.cpp:1701 d3d_create_display_internals     [   0.04256] Format 0 succeeded.
d3d      D         d3d_disp.cpp:1724 d3d_create_display_internals     [   0.04258] Returning d3d_display: 012313C8
d3d      D         d3d_disp.cpp:1749 d3d_create_display_locked        [   0.04259] al_display=012313C8
d3d      D         d3d_disp.cpp:1750 d3d_create_display_locked        [   0.04260] al_display->vt=011F0218
bitmap   W          bitmap_io.c:222  al_load_bitmap                   [   0.04529] Failed loading tabuleiro.bmp with .bmp handler.
d3d      I         d3d_disp.cpp:921  d3d_destroy_display              [   2.01649] destroying display 012313C8 (current 00000000)
d3d      D         d3d_disp.cpp:905  d3d_destroy_display_internals    [   2.01653] waiting for display 012313C8's thread to end
